<?xml version="1.0" encoding="UTF-8"?>
<testsuites>
  <testsuite name="/home/dan/Desktop/08/apache-htmx/phpunit.xml" tests="107" assertions="216" errors="24" failures="8" skipped="0" time="0.042504">
    <testsuite name="unit" tests="94" assertions="216" errors="11" failures="8" skipped="0" time="0.042504">
      <testsuite name="Tests\Unit\Shared\Infrastructure\Http\Psr15\Psr15IntegrationTest" file="/home/dan/Desktop/08/apache-htmx/tests/Unit/Shared/Infrastructure/Http/Psr15/Psr15IntegrationTest.php" tests="9" assertions="0" errors="9" failures="0" skipped="0" time="0.000000">
        <testcase name="testPsr15ModeDisabledByDefault" file="/home/dan/Desktop/08/apache-htmx/tests/Unit/Shared/Infrastructure/Http/Psr15/Psr15IntegrationTest.php" line="41" class="Tests\Unit\Shared\Infrastructure\Http\Psr15\Psr15IntegrationTest" classname="Tests.Unit.Shared.Infrastructure.Http.Psr15.Psr15IntegrationTest" assertions="0" time="0.000000">
          <error type="PHPUnit\Framework\MockObject\IncompatibleReturnValueException">Tests\Unit\Shared\Infrastructure\Http\Psr15\Psr15IntegrationTest::testPsr15ModeDisabledByDefault
PHPUnit\Framework\MockObject\IncompatibleReturnValueException: Method handle may not return value of type array, its declared return type is "string"

/home/dan/Desktop/08/apache-htmx/tests/Unit/Shared/Infrastructure/Http/Psr15/Psr15IntegrationTest.php:32</error>
        </testcase>
        <testcase name="testEnablePsr15Mode" file="/home/dan/Desktop/08/apache-htmx/tests/Unit/Shared/Infrastructure/Http/Psr15/Psr15IntegrationTest.php" line="46" class="Tests\Unit\Shared\Infrastructure\Http\Psr15\Psr15IntegrationTest" classname="Tests.Unit.Shared.Infrastructure.Http.Psr15.Psr15IntegrationTest" assertions="0" time="0.000000">
          <error type="PHPUnit\Framework\MockObject\IncompatibleReturnValueException">Tests\Unit\Shared\Infrastructure\Http\Psr15\Psr15IntegrationTest::testEnablePsr15Mode
PHPUnit\Framework\MockObject\IncompatibleReturnValueException: Method handle may not return value of type array, its declared return type is "string"

/home/dan/Desktop/08/apache-htmx/tests/Unit/Shared/Infrastructure/Http/Psr15/Psr15IntegrationTest.php:32</error>
        </testcase>
        <testcase name="testDisablePsr15Mode" file="/home/dan/Desktop/08/apache-htmx/tests/Unit/Shared/Infrastructure/Http/Psr15/Psr15IntegrationTest.php" line="52" class="Tests\Unit\Shared\Infrastructure\Http\Psr15\Psr15IntegrationTest" classname="Tests.Unit.Shared.Infrastructure.Http.Psr15.Psr15IntegrationTest" assertions="0" time="0.000000">
          <error type="PHPUnit\Framework\MockObject\IncompatibleReturnValueException">Tests\Unit\Shared\Infrastructure\Http\Psr15\Psr15IntegrationTest::testDisablePsr15Mode
PHPUnit\Framework\MockObject\IncompatibleReturnValueException: Method handle may not return value of type array, its declared return type is "string"

/home/dan/Desktop/08/apache-htmx/tests/Unit/Shared/Infrastructure/Http/Psr15/Psr15IntegrationTest.php:32</error>
        </testcase>
        <testcase name="testAddPsr15Middleware" file="/home/dan/Desktop/08/apache-htmx/tests/Unit/Shared/Infrastructure/Http/Psr15/Psr15IntegrationTest.php" line="59" class="Tests\Unit\Shared\Infrastructure\Http\Psr15\Psr15IntegrationTest" classname="Tests.Unit.Shared.Infrastructure.Http.Psr15.Psr15IntegrationTest" assertions="0" time="0.000000">
          <error type="PHPUnit\Framework\MockObject\IncompatibleReturnValueException">Tests\Unit\Shared\Infrastructure\Http\Psr15\Psr15IntegrationTest::testAddPsr15Middleware
PHPUnit\Framework\MockObject\IncompatibleReturnValueException: Method handle may not return value of type array, its declared return type is "string"

/home/dan/Desktop/08/apache-htmx/tests/Unit/Shared/Infrastructure/Http/Psr15/Psr15IntegrationTest.php:32</error>
        </testcase>
        <testcase name="testHandlePsr7Request" file="/home/dan/Desktop/08/apache-htmx/tests/Unit/Shared/Infrastructure/Http/Psr15/Psr15IntegrationTest.php" line="69" class="Tests\Unit\Shared\Infrastructure\Http\Psr15\Psr15IntegrationTest" classname="Tests.Unit.Shared.Infrastructure.Http.Psr15.Psr15IntegrationTest" assertions="0" time="0.000000">
          <error type="PHPUnit\Framework\MockObject\IncompatibleReturnValueException">Tests\Unit\Shared\Infrastructure\Http\Psr15\Psr15IntegrationTest::testHandlePsr7Request
PHPUnit\Framework\MockObject\IncompatibleReturnValueException: Method handle may not return value of type array, its declared return type is "string"

/home/dan/Desktop/08/apache-htmx/tests/Unit/Shared/Infrastructure/Http/Psr15/Psr15IntegrationTest.php:32</error>
        </testcase>
        <testcase name="testHandleArrayRequest" file="/home/dan/Desktop/08/apache-htmx/tests/Unit/Shared/Infrastructure/Http/Psr15/Psr15IntegrationTest.php" line="88" class="Tests\Unit\Shared\Infrastructure\Http\Psr15\Psr15IntegrationTest" classname="Tests.Unit.Shared.Infrastructure.Http.Psr15.Psr15IntegrationTest" assertions="0" time="0.000000">
          <error type="PHPUnit\Framework\MockObject\IncompatibleReturnValueException">Tests\Unit\Shared\Infrastructure\Http\Psr15\Psr15IntegrationTest::testHandleArrayRequest
PHPUnit\Framework\MockObject\IncompatibleReturnValueException: Method handle may not return value of type array, its declared return type is "string"

/home/dan/Desktop/08/apache-htmx/tests/Unit/Shared/Infrastructure/Http/Psr15/Psr15IntegrationTest.php:32</error>
        </testcase>
        <testcase name="testPsr15LoggingMiddleware" file="/home/dan/Desktop/08/apache-htmx/tests/Unit/Shared/Infrastructure/Http/Psr15/Psr15IntegrationTest.php" line="110" class="Tests\Unit\Shared\Infrastructure\Http\Psr15\Psr15IntegrationTest" classname="Tests.Unit.Shared.Infrastructure.Http.Psr15.Psr15IntegrationTest" assertions="0" time="0.000000">
          <error type="PHPUnit\Framework\MockObject\IncompatibleReturnValueException">Tests\Unit\Shared\Infrastructure\Http\Psr15\Psr15IntegrationTest::testPsr15LoggingMiddleware
PHPUnit\Framework\MockObject\IncompatibleReturnValueException: Method handle may not return value of type array, its declared return type is "string"

/home/dan/Desktop/08/apache-htmx/tests/Unit/Shared/Infrastructure/Http/Psr15/Psr15IntegrationTest.php:32</error>
        </testcase>
        <testcase name="testRequestAdapter" file="/home/dan/Desktop/08/apache-htmx/tests/Unit/Shared/Infrastructure/Http/Psr15/Psr15IntegrationTest.php" line="136" class="Tests\Unit\Shared\Infrastructure\Http\Psr15\Psr15IntegrationTest" classname="Tests.Unit.Shared.Infrastructure.Http.Psr15.Psr15IntegrationTest" assertions="0" time="0.000000">
          <error type="PHPUnit\Framework\MockObject\IncompatibleReturnValueException">Tests\Unit\Shared\Infrastructure\Http\Psr15\Psr15IntegrationTest::testRequestAdapter
PHPUnit\Framework\MockObject\IncompatibleReturnValueException: Method handle may not return value of type array, its declared return type is "string"

/home/dan/Desktop/08/apache-htmx/tests/Unit/Shared/Infrastructure/Http/Psr15/Psr15IntegrationTest.php:32</error>
        </testcase>
        <testcase name="testResponseAdapter" file="/home/dan/Desktop/08/apache-htmx/tests/Unit/Shared/Infrastructure/Http/Psr15/Psr15IntegrationTest.php" line="158" class="Tests\Unit\Shared\Infrastructure\Http\Psr15\Psr15IntegrationTest" classname="Tests.Unit.Shared.Infrastructure.Http.Psr15.Psr15IntegrationTest" assertions="0" time="0.000000">
          <error type="PHPUnit\Framework\MockObject\IncompatibleReturnValueException">Tests\Unit\Shared\Infrastructure\Http\Psr15\Psr15IntegrationTest::testResponseAdapter
PHPUnit\Framework\MockObject\IncompatibleReturnValueException: Method handle may not return value of type array, its declared return type is "string"

/home/dan/Desktop/08/apache-htmx/tests/Unit/Shared/Infrastructure/Http/Psr15/Psr15IntegrationTest.php:32</error>
        </testcase>
      </testsuite>
      <testsuite name="Tests\Unit\Shared\Infrastructure\PathManagerTest" file="/home/dan/Desktop/08/apache-htmx/tests/Unit/Shared/Infrastructure/PathManagerTest.php" tests="13" assertions="28" errors="2" failures="8" skipped="0" time="0.014214">
        <testcase name="testRelativePath" file="/home/dan/Desktop/08/apache-htmx/tests/Unit/Shared/Infrastructure/PathManagerTest.php" line="191" class="Tests\Unit\Shared\Infrastructure\PathManagerTest" classname="Tests.Unit.Shared.Infrastructure.PathManagerTest" assertions="2" time="0.002350"/>
        <testcase name="testCustomCacheImplementation" file="/home/dan/Desktop/08/apache-htmx/tests/Unit/Shared/Infrastructure/PathManagerTest.php" line="156" class="Tests\Unit\Shared\Infrastructure\PathManagerTest" classname="Tests.Unit.Shared.Infrastructure.PathManagerTest" assertions="1" time="0.001717">
          <error type="TypeError">Tests\Unit\Shared\Infrastructure\PathManagerTest::testCustomCacheImplementation
TypeError: Boson\Shared\Infrastructure\PathManager::setCache(): Argument #1 ($cache) must be of type Boson\Shared\Infrastructure\Path\PathCacheInterface, null given, called in /home/dan/Desktop/08/apache-htmx/tests/Unit/Shared/Infrastructure/PathManagerTest.php on line 172

/home/dan/Desktop/08/apache-htmx/src/Shared/Infrastructure/PathManager.php:64
/home/dan/Desktop/08/apache-htmx/tests/Unit/Shared/Infrastructure/PathManagerTest.php:172</error>
        </testcase>
        <testcase name="testBasicPathResolution" file="/home/dan/Desktop/08/apache-htmx/tests/Unit/Shared/Infrastructure/PathManagerTest.php" line="24" class="Tests\Unit\Shared\Infrastructure\PathManagerTest" classname="Tests.Unit.Shared.Infrastructure.PathManagerTest" assertions="2" time="0.001112">
          <failure type="PHPUnit\Framework\ExpectationFailedException">Tests\Unit\Shared\Infrastructure\PathManagerTest::testBasicPathResolution
Failed asserting that directory "/custom/cached/path" exists.

/home/dan/Desktop/08/apache-htmx/tests/Unit/Shared/Infrastructure/PathManagerTest.php:28</failure>
        </testcase>
        <testcase name="testPathCaching" file="/home/dan/Desktop/08/apache-htmx/tests/Unit/Shared/Infrastructure/PathManagerTest.php" line="35" class="Tests\Unit\Shared\Infrastructure\PathManagerTest" classname="Tests.Unit.Shared.Infrastructure.PathManagerTest" assertions="2" time="0.000790">
          <failure type="PHPUnit\Framework\ExpectationFailedException">Tests\Unit\Shared\Infrastructure\PathManagerTest::testPathCaching
Failed asserting that false is true.

/home/dan/Desktop/08/apache-htmx/tests/Unit/Shared/Infrastructure/PathManagerTest.php:45</failure>
        </testcase>
        <testcase name="testPathSanitization" file="/home/dan/Desktop/08/apache-htmx/tests/Unit/Shared/Infrastructure/PathManagerTest.php" line="82" class="Tests\Unit\Shared\Infrastructure\PathManagerTest" classname="Tests.Unit.Shared.Infrastructure.PathManagerTest" assertions="2" time="0.001575">
          <failure type="PHPUnit\Framework\ExpectationFailedException">Tests\Unit\Shared\Infrastructure\PathManagerTest::testPathSanitization
Failed asserting that two strings are equal.
--- Expected
+++ Actual
@@ @@
-'multiple/slashes'
+'multipleslashes'

/home/dan/Desktop/08/apache-htmx/tests/Unit/Shared/Infrastructure/PathManagerTest.php:88</failure>
        </testcase>
        <testcase name="testEventSystem" file="/home/dan/Desktop/08/apache-htmx/tests/Unit/Shared/Infrastructure/PathManagerTest.php" line="94" class="Tests\Unit\Shared\Infrastructure\PathManagerTest" classname="Tests.Unit.Shared.Infrastructure.PathManagerTest" assertions="1" time="0.000686">
          <failure type="PHPUnit\Framework\ExpectationFailedException">Tests\Unit\Shared\Infrastructure\PathManagerTest::testEventSystem
Failed asserting that actual size 0 matches expected size 1.

/home/dan/Desktop/08/apache-htmx/tests/Unit/Shared/Infrastructure/PathManagerTest.php:110</failure>
        </testcase>
        <testcase name="testCustomResolver" file="/home/dan/Desktop/08/apache-htmx/tests/Unit/Shared/Infrastructure/PathManagerTest.php" line="175" class="Tests\Unit\Shared\Infrastructure\PathManagerTest" classname="Tests.Unit.Shared.Infrastructure.PathManagerTest" assertions="1" time="0.001315">
          <failure type="PHPUnit\Framework\ExpectationFailedException">Tests\Unit\Shared\Infrastructure\PathManagerTest::testCustomResolver
Failed asserting that two strings are equal.
--- Expected
+++ Actual
@@ @@
-'/custom/resolved/path'
+'/custom/cached/path'

/home/dan/Desktop/08/apache-htmx/tests/Unit/Shared/Infrastructure/PathManagerTest.php:185</failure>
        </testcase>
        <testcase name="testValidatePath" file="/home/dan/Desktop/08/apache-htmx/tests/Unit/Shared/Infrastructure/PathManagerTest.php" line="200" class="Tests\Unit\Shared\Infrastructure\PathManagerTest" classname="Tests.Unit.Shared.Infrastructure.PathManagerTest" assertions="6" time="0.000922">
          <failure type="PHPUnit\Framework\ExpectationFailedException">Tests\Unit\Shared\Infrastructure\PathManagerTest::testValidatePath
Failed asserting that false is true.

/home/dan/Desktop/08/apache-htmx/tests/Unit/Shared/Infrastructure/PathManagerTest.php:211</failure>
        </testcase>
        <testcase name="testCacheClear" file="/home/dan/Desktop/08/apache-htmx/tests/Unit/Shared/Infrastructure/PathManagerTest.php" line="214" class="Tests\Unit\Shared\Infrastructure\PathManagerTest" classname="Tests.Unit.Shared.Infrastructure.PathManagerTest" assertions="1" time="0.001204">
          <failure type="PHPUnit\Framework\ExpectationFailedException">Tests\Unit\Shared\Infrastructure\PathManagerTest::testCacheClear
Failed asserting that null is greater than 0.

/home/dan/Desktop/08/apache-htmx/tests/Unit/Shared/Infrastructure/PathManagerTest.php:221</failure>
        </testcase>
        <testcase name="testPathSecurityValidation" file="/home/dan/Desktop/08/apache-htmx/tests/Unit/Shared/Infrastructure/PathManagerTest.php" line="69" class="Tests\Unit\Shared\Infrastructure\PathManagerTest" classname="Tests.Unit.Shared.Infrastructure.PathManagerTest" assertions="6" time="0.000413"/>
        <testcase name="testDirectoryEvents" file="/home/dan/Desktop/08/apache-htmx/tests/Unit/Shared/Infrastructure/PathManagerTest.php" line="116" class="Tests\Unit\Shared\Infrastructure\PathManagerTest" classname="Tests.Unit.Shared.Infrastructure.PathManagerTest" assertions="3" time="0.000727"/>
        <testcase name="testEventPropagation" file="/home/dan/Desktop/08/apache-htmx/tests/Unit/Shared/Infrastructure/PathManagerTest.php" line="138" class="Tests\Unit\Shared\Infrastructure\PathManagerTest" classname="Tests.Unit.Shared.Infrastructure.PathManagerTest" assertions="1" time="0.000777">
          <failure type="PHPUnit\Framework\ExpectationFailedException">Tests\Unit\Shared\Infrastructure\PathManagerTest::testEventPropagation
Failed asserting that 0 matches expected 1.

/home/dan/Desktop/08/apache-htmx/tests/Unit/Shared/Infrastructure/PathManagerTest.php:153</failure>
        </testcase>
        <testcase name="testCacheDisabled" file="/home/dan/Desktop/08/apache-htmx/tests/Unit/Shared/Infrastructure/PathManagerTest.php" line="56" class="Tests\Unit\Shared\Infrastructure\PathManagerTest" classname="Tests.Unit.Shared.Infrastructure.PathManagerTest" assertions="0" time="0.000625">
          <error type="InvalidArgumentException">Tests\Unit\Shared\Infrastructure\PathManagerTest::testCacheDisabled
InvalidArgumentException: Invalid path resolved by custom resolver: /custom/resolved/path

/home/dan/Desktop/08/apache-htmx/src/Shared/Infrastructure/PathManager.php:236
/home/dan/Desktop/08/apache-htmx/src/Shared/Infrastructure/PathManager.php:194
/home/dan/Desktop/08/apache-htmx/tests/Unit/Shared/Infrastructure/PathManagerTest.php:60</error>
        </testcase>
      </testsuite>
      <testsuite name="Tests\Unit\Blog\Domain\ArticleTest" file="/home/dan/Desktop/08/apache-htmx/tests/Unit/Blog/Domain/ArticleTest.php" tests="10" assertions="59" errors="0" failures="0" skipped="0" time="0.005556">
        <testcase name="testCreateArticle" file="/home/dan/Desktop/08/apache-htmx/tests/Unit/Blog/Domain/ArticleTest.php" line="15" class="Tests\Unit\Blog\Domain\ArticleTest" classname="Tests.Unit.Blog.Domain.ArticleTest" assertions="10" time="0.000862"/>
        <testcase name="testCannotPublishAlreadyPublishedArticle" file="/home/dan/Desktop/08/apache-htmx/tests/Unit/Blog/Domain/ArticleTest.php" line="57" class="Tests\Unit\Blog\Domain\ArticleTest" classname="Tests.Unit.Blog.Domain.ArticleTest" assertions="2" time="0.000585"/>
        <testcase name="testUnpublishArticle" file="/home/dan/Desktop/08/apache-htmx/tests/Unit/Blog/Domain/ArticleTest.php" line="74" class="Tests\Unit\Blog\Domain\ArticleTest" classname="Tests.Unit.Blog.Domain.ArticleTest" assertions="4" time="0.000278"/>
        <testcase name="testCannotUnpublishNonPublishedArticle" file="/home/dan/Desktop/08/apache-htmx/tests/Unit/Blog/Domain/ArticleTest.php" line="93" class="Tests\Unit\Blog\Domain\ArticleTest" classname="Tests.Unit.Blog.Domain.ArticleTest" assertions="2" time="0.000353"/>
        <testcase name="testArchiveArticle" file="/home/dan/Desktop/08/apache-htmx/tests/Unit/Blog/Domain/ArticleTest.php" line="108" class="Tests\Unit\Blog\Domain\ArticleTest" classname="Tests.Unit.Blog.Domain.ArticleTest" assertions="4" time="0.000258"/>
        <testcase name="testFromArray" file="/home/dan/Desktop/08/apache-htmx/tests/Unit/Blog/Domain/ArticleTest.php" line="180" class="Tests\Unit\Blog\Domain\ArticleTest" classname="Tests.Unit.Blog.Domain.ArticleTest" assertions="10" time="0.000411"/>
        <testcase name="testGenerateSlug" file="/home/dan/Desktop/08/apache-htmx/tests/Unit/Blog/Domain/ArticleTest.php" line="211" class="Tests\Unit\Blog\Domain\ArticleTest" classname="Tests.Unit.Blog.Domain.ArticleTest" assertions="3" time="0.000320"/>
        <testcase name="testPublishArticle" file="/home/dan/Desktop/08/apache-htmx/tests/Unit/Blog/Domain/ArticleTest.php" line="37" class="Tests\Unit\Blog\Domain\ArticleTest" classname="Tests.Unit.Blog.Domain.ArticleTest" assertions="6" time="0.000305"/>
        <testcase name="testUpdateContent" file="/home/dan/Desktop/08/apache-htmx/tests/Unit/Blog/Domain/ArticleTest.php" line="125" class="Tests\Unit\Blog\Domain\ArticleTest" classname="Tests.Unit.Blog.Domain.ArticleTest" assertions="4" time="0.001327"/>
        <testcase name="testToArray" file="/home/dan/Desktop/08/apache-htmx/tests/Unit/Blog/Domain/ArticleTest.php" line="151" class="Tests\Unit\Blog\Domain\ArticleTest" classname="Tests.Unit.Blog.Domain.ArticleTest" assertions="14" time="0.000858"/>
      </testsuite>
      <testsuite name="Tests\Unit\Blog\Domain\ValueObject\ArticleContentTest" file="/home/dan/Desktop/08/apache-htmx/tests/Unit/Blog/Domain/ValueObject/ArticleContentTest.php" tests="9" assertions="18" errors="0" failures="0" skipped="0" time="0.003337">
        <testcase name="testFromStringValid" file="/home/dan/Desktop/08/apache-htmx/tests/Unit/Blog/Domain/ValueObject/ArticleContentTest.php" line="19" class="Tests\Unit\Blog\Domain\ValueObject\ArticleContentTest" classname="Tests.Unit.Blog.Domain.ValueObject.ArticleContentTest" assertions="4" time="0.000838"/>
        <testcase name="testFromStringMinimumLength" file="/home/dan/Desktop/08/apache-htmx/tests/Unit/Blog/Domain/ValueObject/ArticleContentTest.php" line="40" class="Tests\Unit\Blog\Domain\ValueObject\ArticleContentTest" classname="Tests.Unit.Blog.Domain.ValueObject.ArticleContentTest" assertions="1" time="0.000214"/>
        <testcase name="testFromStringMaximumLength" file="/home/dan/Desktop/08/apache-htmx/tests/Unit/Blog/Domain/ValueObject/ArticleContentTest.php" line="49" class="Tests\Unit\Blog\Domain\ValueObject\ArticleContentTest" classname="Tests.Unit.Blog.Domain.ValueObject.ArticleContentTest" assertions="1" time="0.000222"/>
        <testcase name="testFromStringWhitespaceOnly" file="/home/dan/Desktop/08/apache-htmx/tests/Unit/Blog/Domain/ValueObject/ArticleContentTest.php" line="69" class="Tests\Unit\Blog\Domain\ValueObject\ArticleContentTest" classname="Tests.Unit.Blog.Domain.ValueObject.ArticleContentTest" assertions="2" time="0.000496"/>
        <testcase name="testFromStringTooShort" file="/home/dan/Desktop/08/apache-htmx/tests/Unit/Blog/Domain/ValueObject/ArticleContentTest.php" line="79" class="Tests\Unit\Blog\Domain\ValueObject\ArticleContentTest" classname="Tests.Unit.Blog.Domain.ValueObject.ArticleContentTest" assertions="2" time="0.000387"/>
        <testcase name="testFromStringTooLong" file="/home/dan/Desktop/08/apache-htmx/tests/Unit/Blog/Domain/ValueObject/ArticleContentTest.php" line="89" class="Tests\Unit\Blog\Domain\ValueObject\ArticleContentTest" classname="Tests.Unit.Blog.Domain.ValueObject.ArticleContentTest" assertions="2" time="0.000383"/>
        <testcase name="testEquals" file="/home/dan/Desktop/08/apache-htmx/tests/Unit/Blog/Domain/ValueObject/ArticleContentTest.php" line="100" class="Tests\Unit\Blog\Domain\ValueObject\ArticleContentTest" classname="Tests.Unit.Blog.Domain.ValueObject.ArticleContentTest" assertions="3" time="0.000252"/>
        <testcase name="testFromStringEmpty" file="/home/dan/Desktop/08/apache-htmx/tests/Unit/Blog/Domain/ValueObject/ArticleContentTest.php" line="59" class="Tests\Unit\Blog\Domain\ValueObject\ArticleContentTest" classname="Tests.Unit.Blog.Domain.ValueObject.ArticleContentTest" assertions="2" time="0.000347"/>
        <testcase name="testFromStringWithWhitespace" file="/home/dan/Desktop/08/apache-htmx/tests/Unit/Blog/Domain/ValueObject/ArticleContentTest.php" line="31" class="Tests\Unit\Blog\Domain\ValueObject\ArticleContentTest" classname="Tests.Unit.Blog.Domain.ValueObject.ArticleContentTest" assertions="1" time="0.000197"/>
      </testsuite>
      <testsuite name="Tests\Unit\Blog\Domain\ValueObject\ArticleIdTest" file="/home/dan/Desktop/08/apache-htmx/tests/Unit/Blog/Domain/ValueObject/ArticleIdTest.php" tests="10" assertions="22" errors="0" failures="0" skipped="0" time="0.004117">
        <testcase name="testFromIntValid" file="/home/dan/Desktop/08/apache-htmx/tests/Unit/Blog/Domain/ValueObject/ArticleIdTest.php" line="19" class="Tests\Unit\Blog\Domain\ValueObject\ArticleIdTest" classname="Tests.Unit.Blog.Domain.ValueObject.ArticleIdTest" assertions="5" time="0.000789"/>
        <testcase name="testFromIntMinimum" file="/home/dan/Desktop/08/apache-htmx/tests/Unit/Blog/Domain/ValueObject/ArticleIdTest.php" line="32" class="Tests\Unit\Blog\Domain\ValueObject\ArticleIdTest" classname="Tests.Unit.Blog.Domain.ValueObject.ArticleIdTest" assertions="1" time="0.000258"/>
        <testcase name="testFromIntZero" file="/home/dan/Desktop/08/apache-htmx/tests/Unit/Blog/Domain/ValueObject/ArticleIdTest.php" line="41" class="Tests\Unit\Blog\Domain\ValueObject\ArticleIdTest" classname="Tests.Unit.Blog.Domain.ValueObject.ArticleIdTest" assertions="2" time="0.000700"/>
        <testcase name="testFromIntNegative" file="/home/dan/Desktop/08/apache-htmx/tests/Unit/Blog/Domain/ValueObject/ArticleIdTest.php" line="51" class="Tests\Unit\Blog\Domain\ValueObject\ArticleIdTest" classname="Tests.Unit.Blog.Domain.ValueObject.ArticleIdTest" assertions="2" time="0.000524"/>
        <testcase name="testFromStringValid" file="/home/dan/Desktop/08/apache-htmx/tests/Unit/Blog/Domain/ValueObject/ArticleIdTest.php" line="61" class="Tests\Unit\Blog\Domain\ValueObject\ArticleIdTest" classname="Tests.Unit.Blog.Domain.ValueObject.ArticleIdTest" assertions="2" time="0.000242"/>
        <testcase name="testFromStringWithSpaces" file="/home/dan/Desktop/08/apache-htmx/tests/Unit/Blog/Domain/ValueObject/ArticleIdTest.php" line="71" class="Tests\Unit\Blog\Domain\ValueObject\ArticleIdTest" classname="Tests.Unit.Blog.Domain.ValueObject.ArticleIdTest" assertions="1" time="0.000204"/>
        <testcase name="testFromStringInvalid" file="/home/dan/Desktop/08/apache-htmx/tests/Unit/Blog/Domain/ValueObject/ArticleIdTest.php" line="80" class="Tests\Unit\Blog\Domain\ValueObject\ArticleIdTest" classname="Tests.Unit.Blog.Domain.ValueObject.ArticleIdTest" assertions="2" time="0.000428"/>
        <testcase name="testFromStringFloat" file="/home/dan/Desktop/08/apache-htmx/tests/Unit/Blog/Domain/ValueObject/ArticleIdTest.php" line="90" class="Tests\Unit\Blog\Domain\ValueObject\ArticleIdTest" classname="Tests.Unit.Blog.Domain.ValueObject.ArticleIdTest" assertions="2" time="0.000379"/>
        <testcase name="testFromStringZero" file="/home/dan/Desktop/08/apache-htmx/tests/Unit/Blog/Domain/ValueObject/ArticleIdTest.php" line="100" class="Tests\Unit\Blog\Domain\ValueObject\ArticleIdTest" classname="Tests.Unit.Blog.Domain.ValueObject.ArticleIdTest" assertions="2" time="0.000359"/>
        <testcase name="testEquals" file="/home/dan/Desktop/08/apache-htmx/tests/Unit/Blog/Domain/ValueObject/ArticleIdTest.php" line="110" class="Tests\Unit\Blog\Domain\ValueObject\ArticleIdTest" classname="Tests.Unit.Blog.Domain.ValueObject.ArticleIdTest" assertions="3" time="0.000234"/>
      </testsuite>
      <testsuite name="Tests\Unit\Blog\Domain\ValueObject\ArticleStatusTest" file="/home/dan/Desktop/08/apache-htmx/tests/Unit/Blog/Domain/ValueObject/ArticleStatusTest.php" tests="10" assertions="31" errors="0" failures="0" skipped="0" time="0.002860">
        <testcase name="testFromStringDraft" file="/home/dan/Desktop/08/apache-htmx/tests/Unit/Blog/Domain/ValueObject/ArticleStatusTest.php" line="22" class="Tests\Unit\Blog\Domain\ValueObject\ArticleStatusTest" classname="Tests.Unit.Blog.Domain.ValueObject.ArticleStatusTest" assertions="7" time="0.000498"/>
        <testcase name="testFromStringPublished" file="/home/dan/Desktop/08/apache-htmx/tests/Unit/Blog/Domain/ValueObject/ArticleStatusTest.php" line="40" class="Tests\Unit\Blog\Domain\ValueObject\ArticleStatusTest" classname="Tests.Unit.Blog.Domain.ValueObject.ArticleStatusTest" assertions="4" time="0.000252"/>
        <testcase name="testFromStringArchived" file="/home/dan/Desktop/08/apache-htmx/tests/Unit/Blog/Domain/ValueObject/ArticleStatusTest.php" line="55" class="Tests\Unit\Blog\Domain\ValueObject\ArticleStatusTest" classname="Tests.Unit.Blog.Domain.ValueObject.ArticleStatusTest" assertions="4" time="0.000243"/>
        <testcase name="testFromStringCaseInsensitive" file="/home/dan/Desktop/08/apache-htmx/tests/Unit/Blog/Domain/ValueObject/ArticleStatusTest.php" line="67" class="Tests\Unit\Blog\Domain\ValueObject\ArticleStatusTest" classname="Tests.Unit.Blog.Domain.ValueObject.ArticleStatusTest" assertions="3" time="0.000229"/>
        <testcase name="testFromStringWithWhitespace" file="/home/dan/Desktop/08/apache-htmx/tests/Unit/Blog/Domain/ValueObject/ArticleStatusTest.php" line="82" class="Tests\Unit\Blog\Domain\ValueObject\ArticleStatusTest" classname="Tests.Unit.Blog.Domain.ValueObject.ArticleStatusTest" assertions="1" time="0.000172"/>
        <testcase name="testFromStringInvalid" file="/home/dan/Desktop/08/apache-htmx/tests/Unit/Blog/Domain/ValueObject/ArticleStatusTest.php" line="91" class="Tests\Unit\Blog\Domain\ValueObject\ArticleStatusTest" classname="Tests.Unit.Blog.Domain.ValueObject.ArticleStatusTest" assertions="2" time="0.000344"/>
        <testcase name="testFromStringEmpty" file="/home/dan/Desktop/08/apache-htmx/tests/Unit/Blog/Domain/ValueObject/ArticleStatusTest.php" line="101" class="Tests\Unit\Blog\Domain\ValueObject\ArticleStatusTest" classname="Tests.Unit.Blog.Domain.ValueObject.ArticleStatusTest" assertions="2" time="0.000333"/>
        <testcase name="testFromStringWhitespaceOnly" file="/home/dan/Desktop/08/apache-htmx/tests/Unit/Blog/Domain/ValueObject/ArticleStatusTest.php" line="111" class="Tests\Unit\Blog\Domain\ValueObject\ArticleStatusTest" classname="Tests.Unit.Blog.Domain.ValueObject.ArticleStatusTest" assertions="2" time="0.000332"/>
        <testcase name="testEquals" file="/home/dan/Desktop/08/apache-htmx/tests/Unit/Blog/Domain/ValueObject/ArticleStatusTest.php" line="121" class="Tests\Unit\Blog\Domain\ValueObject\ArticleStatusTest" classname="Tests.Unit.Blog.Domain.ValueObject.ArticleStatusTest" assertions="3" time="0.000215"/>
        <testcase name="testConstants" file="/home/dan/Desktop/08/apache-htmx/tests/Unit/Blog/Domain/ValueObject/ArticleStatusTest.php" line="137" class="Tests\Unit\Blog\Domain\ValueObject\ArticleStatusTest" classname="Tests.Unit.Blog.Domain.ValueObject.ArticleStatusTest" assertions="3" time="0.000243"/>
      </testsuite>
      <testsuite name="Tests\Unit\Blog\Domain\ValueObject\ArticleTitleTest" file="/home/dan/Desktop/08/apache-htmx/tests/Unit/Blog/Domain/ValueObject/ArticleTitleTest.php" tests="9" assertions="18" errors="0" failures="0" skipped="0" time="0.003079">
        <testcase name="testFromStringValid" file="/home/dan/Desktop/08/apache-htmx/tests/Unit/Blog/Domain/ValueObject/ArticleTitleTest.php" line="19" class="Tests\Unit\Blog\Domain\ValueObject\ArticleTitleTest" classname="Tests.Unit.Blog.Domain.ValueObject.ArticleTitleTest" assertions="4" time="0.000482"/>
        <testcase name="testFromStringWithWhitespace" file="/home/dan/Desktop/08/apache-htmx/tests/Unit/Blog/Domain/ValueObject/ArticleTitleTest.php" line="31" class="Tests\Unit\Blog\Domain\ValueObject\ArticleTitleTest" classname="Tests.Unit.Blog.Domain.ValueObject.ArticleTitleTest" assertions="1" time="0.000206"/>
        <testcase name="testFromStringMinimumLength" file="/home/dan/Desktop/08/apache-htmx/tests/Unit/Blog/Domain/ValueObject/ArticleTitleTest.php" line="40" class="Tests\Unit\Blog\Domain\ValueObject\ArticleTitleTest" classname="Tests.Unit.Blog.Domain.ValueObject.ArticleTitleTest" assertions="1" time="0.000208"/>
        <testcase name="testFromStringMaximumLength" file="/home/dan/Desktop/08/apache-htmx/tests/Unit/Blog/Domain/ValueObject/ArticleTitleTest.php" line="49" class="Tests\Unit\Blog\Domain\ValueObject\ArticleTitleTest" classname="Tests.Unit.Blog.Domain.ValueObject.ArticleTitleTest" assertions="1" time="0.000198"/>
        <testcase name="testFromStringEmpty" file="/home/dan/Desktop/08/apache-htmx/tests/Unit/Blog/Domain/ValueObject/ArticleTitleTest.php" line="59" class="Tests\Unit\Blog\Domain\ValueObject\ArticleTitleTest" classname="Tests.Unit.Blog.Domain.ValueObject.ArticleTitleTest" assertions="2" time="0.000425"/>
        <testcase name="testFromStringWhitespaceOnly" file="/home/dan/Desktop/08/apache-htmx/tests/Unit/Blog/Domain/ValueObject/ArticleTitleTest.php" line="69" class="Tests\Unit\Blog\Domain\ValueObject\ArticleTitleTest" classname="Tests.Unit.Blog.Domain.ValueObject.ArticleTitleTest" assertions="2" time="0.000399"/>
        <testcase name="testFromStringTooShort" file="/home/dan/Desktop/08/apache-htmx/tests/Unit/Blog/Domain/ValueObject/ArticleTitleTest.php" line="79" class="Tests\Unit\Blog\Domain\ValueObject\ArticleTitleTest" classname="Tests.Unit.Blog.Domain.ValueObject.ArticleTitleTest" assertions="2" time="0.000481"/>
        <testcase name="testFromStringTooLong" file="/home/dan/Desktop/08/apache-htmx/tests/Unit/Blog/Domain/ValueObject/ArticleTitleTest.php" line="89" class="Tests\Unit\Blog\Domain\ValueObject\ArticleTitleTest" classname="Tests.Unit.Blog.Domain.ValueObject.ArticleTitleTest" assertions="2" time="0.000418"/>
        <testcase name="testEquals" file="/home/dan/Desktop/08/apache-htmx/tests/Unit/Blog/Domain/ValueObject/ArticleTitleTest.php" line="100" class="Tests\Unit\Blog\Domain\ValueObject\ArticleTitleTest" classname="Tests.Unit.Blog.Domain.ValueObject.ArticleTitleTest" assertions="3" time="0.000261"/>
      </testsuite>
      <testsuite name="Tests\Unit\Shared\Infrastructure\Security\InputValidatorTest" file="/home/dan/Desktop/08/apache-htmx/tests/Unit/Shared/Infrastructure/Security/InputValidatorTest.php" tests="24" assertions="40" errors="0" failures="0" skipped="0" time="0.009342">
        <testcase name="testRequiredValidation" file="/home/dan/Desktop/08/apache-htmx/tests/Unit/Shared/Infrastructure/Security/InputValidatorTest.php" line="24" class="Tests\Unit\Shared\Infrastructure\Security\InputValidatorTest" classname="Tests.Unit.Shared.Infrastructure.Security.InputValidatorTest" assertions="2" time="0.000447"/>
        <testcase name="testRequiredValidationFails" file="/home/dan/Desktop/08/apache-htmx/tests/Unit/Shared/Infrastructure/Security/InputValidatorTest.php" line="33" class="Tests\Unit\Shared\Infrastructure\Security\InputValidatorTest" classname="Tests.Unit.Shared.Infrastructure.Security.InputValidatorTest" assertions="3" time="0.000832"/>
        <testcase name="testEmailValidation" file="/home/dan/Desktop/08/apache-htmx/tests/Unit/Shared/Infrastructure/Security/InputValidatorTest.php" line="43" class="Tests\Unit\Shared\Infrastructure\Security\InputValidatorTest" classname="Tests.Unit.Shared.Infrastructure.Security.InputValidatorTest" assertions="1" time="0.000667"/>
        <testcase name="testEmailValidationFails" file="/home/dan/Desktop/08/apache-htmx/tests/Unit/Shared/Infrastructure/Security/InputValidatorTest.php" line="51" class="Tests\Unit\Shared\Infrastructure\Security\InputValidatorTest" classname="Tests.Unit.Shared.Infrastructure.Security.InputValidatorTest" assertions="2" time="0.000343"/>
        <testcase name="testMinLengthValidation" file="/home/dan/Desktop/08/apache-htmx/tests/Unit/Shared/Infrastructure/Security/InputValidatorTest.php" line="60" class="Tests\Unit\Shared\Infrastructure\Security\InputValidatorTest" classname="Tests.Unit.Shared.Infrastructure.Security.InputValidatorTest" assertions="1" time="0.000260"/>
        <testcase name="testMinLengthValidationFails" file="/home/dan/Desktop/08/apache-htmx/tests/Unit/Shared/Infrastructure/Security/InputValidatorTest.php" line="68" class="Tests\Unit\Shared\Infrastructure\Security\InputValidatorTest" classname="Tests.Unit.Shared.Infrastructure.Security.InputValidatorTest" assertions="2" time="0.000339"/>
        <testcase name="testMaxLengthValidation" file="/home/dan/Desktop/08/apache-htmx/tests/Unit/Shared/Infrastructure/Security/InputValidatorTest.php" line="77" class="Tests\Unit\Shared\Infrastructure\Security\InputValidatorTest" classname="Tests.Unit.Shared.Infrastructure.Security.InputValidatorTest" assertions="1" time="0.000306"/>
        <testcase name="testMaxLengthValidationFails" file="/home/dan/Desktop/08/apache-htmx/tests/Unit/Shared/Infrastructure/Security/InputValidatorTest.php" line="85" class="Tests\Unit\Shared\Infrastructure\Security\InputValidatorTest" classname="Tests.Unit.Shared.Infrastructure.Security.InputValidatorTest" assertions="2" time="0.000457"/>
        <testcase name="testIntegerValidation" file="/home/dan/Desktop/08/apache-htmx/tests/Unit/Shared/Infrastructure/Security/InputValidatorTest.php" line="94" class="Tests\Unit\Shared\Infrastructure\Security\InputValidatorTest" classname="Tests.Unit.Shared.Infrastructure.Security.InputValidatorTest" assertions="1" time="0.000297"/>
        <testcase name="testIntegerValidationFails" file="/home/dan/Desktop/08/apache-htmx/tests/Unit/Shared/Infrastructure/Security/InputValidatorTest.php" line="102" class="Tests\Unit\Shared\Infrastructure\Security\InputValidatorTest" classname="Tests.Unit.Shared.Infrastructure.Security.InputValidatorTest" assertions="2" time="0.000392"/>
        <testcase name="testSlugValidation" file="/home/dan/Desktop/08/apache-htmx/tests/Unit/Shared/Infrastructure/Security/InputValidatorTest.php" line="111" class="Tests\Unit\Shared\Infrastructure\Security\InputValidatorTest" classname="Tests.Unit.Shared.Infrastructure.Security.InputValidatorTest" assertions="1" time="0.000408"/>
        <testcase name="testSlugValidationFails" file="/home/dan/Desktop/08/apache-htmx/tests/Unit/Shared/Infrastructure/Security/InputValidatorTest.php" line="119" class="Tests\Unit\Shared\Infrastructure\Security\InputValidatorTest" classname="Tests.Unit.Shared.Infrastructure.Security.InputValidatorTest" assertions="2" time="0.000329"/>
        <testcase name="testInValidation" file="/home/dan/Desktop/08/apache-htmx/tests/Unit/Shared/Infrastructure/Security/InputValidatorTest.php" line="128" class="Tests\Unit\Shared\Infrastructure\Security\InputValidatorTest" classname="Tests.Unit.Shared.Infrastructure.Security.InputValidatorTest" assertions="1" time="0.000236"/>
        <testcase name="testInValidationFails" file="/home/dan/Desktop/08/apache-htmx/tests/Unit/Shared/Infrastructure/Security/InputValidatorTest.php" line="136" class="Tests\Unit\Shared\Infrastructure\Security\InputValidatorTest" classname="Tests.Unit.Shared.Infrastructure.Security.InputValidatorTest" assertions="2" time="0.000307"/>
        <testcase name="testMultipleRules" file="/home/dan/Desktop/08/apache-htmx/tests/Unit/Shared/Infrastructure/Security/InputValidatorTest.php" line="145" class="Tests\Unit\Shared\Infrastructure\Security\InputValidatorTest" classname="Tests.Unit.Shared.Infrastructure.Security.InputValidatorTest" assertions="2" time="0.000285"/>
        <testcase name="testMultipleRulesWithErrors" file="/home/dan/Desktop/08/apache-htmx/tests/Unit/Shared/Infrastructure/Security/InputValidatorTest.php" line="162" class="Tests\Unit\Shared\Infrastructure\Security\InputValidatorTest" classname="Tests.Unit.Shared.Infrastructure.Security.InputValidatorTest" assertions="4" time="0.000503"/>
        <testcase name="testSanitizeEmail" file="/home/dan/Desktop/08/apache-htmx/tests/Unit/Shared/Infrastructure/Security/InputValidatorTest.php" line="192" class="Tests\Unit\Shared\Infrastructure\Security\InputValidatorTest" classname="Tests.Unit.Shared.Infrastructure.Security.InputValidatorTest" assertions="1" time="0.000251"/>
        <testcase name="testSanitizeInt" file="/home/dan/Desktop/08/apache-htmx/tests/Unit/Shared/Infrastructure/Security/InputValidatorTest.php" line="200" class="Tests\Unit\Shared\Infrastructure\Security\InputValidatorTest" classname="Tests.Unit.Shared.Infrastructure.Security.InputValidatorTest" assertions="1" time="0.000233"/>
        <testcase name="testStripTags" file="/home/dan/Desktop/08/apache-htmx/tests/Unit/Shared/Infrastructure/Security/InputValidatorTest.php" line="208" class="Tests\Unit\Shared\Infrastructure\Security\InputValidatorTest" classname="Tests.Unit.Shared.Infrastructure.Security.InputValidatorTest" assertions="1" time="0.000294"/>
        <testcase name="testStripTagsWithAllowedTags" file="/home/dan/Desktop/08/apache-htmx/tests/Unit/Shared/Infrastructure/Security/InputValidatorTest.php" line="216" class="Tests\Unit\Shared\Infrastructure\Security\InputValidatorTest" classname="Tests.Unit.Shared.Infrastructure.Security.InputValidatorTest" assertions="1" time="0.000329"/>
        <testcase name="testEscapeHtml" file="/home/dan/Desktop/08/apache-htmx/tests/Unit/Shared/Infrastructure/Security/InputValidatorTest.php" line="224" class="Tests\Unit\Shared\Infrastructure\Security\InputValidatorTest" classname="Tests.Unit.Shared.Infrastructure.Security.InputValidatorTest" assertions="2" time="0.000641"/>
        <testcase name="testGetFirstError" file="/home/dan/Desktop/08/apache-htmx/tests/Unit/Shared/Infrastructure/Security/InputValidatorTest.php" line="233" class="Tests\Unit\Shared\Infrastructure\Security\InputValidatorTest" classname="Tests.Unit.Shared.Infrastructure.Security.InputValidatorTest" assertions="2" time="0.000436"/>
        <testcase name="testGetFirstErrorWhenNoErrors" file="/home/dan/Desktop/08/apache-htmx/tests/Unit/Shared/Infrastructure/Security/InputValidatorTest.php" line="245" class="Tests\Unit\Shared\Infrastructure\Security\InputValidatorTest" classname="Tests.Unit.Shared.Infrastructure.Security.InputValidatorTest" assertions="1" time="0.000423"/>
        <testcase name="testSanitizeString" file="/home/dan/Desktop/08/apache-htmx/tests/Unit/Shared/Infrastructure/Security/InputValidatorTest.php" line="183" class="Tests\Unit\Shared\Infrastructure\Security\InputValidatorTest" classname="Tests.Unit.Shared.Infrastructure.Security.InputValidatorTest" assertions="2" time="0.000323"/>
      </testsuite>
    </testsuite>
    <testsuite name="integration" tests="13" assertions="0" errors="13" failures="0" skipped="0" time="0.000000">
      <testsuite name="Tests\Integration\Blog\Infrastructure\SqliteArticleRepositoryTest" file="/home/dan/Desktop/08/apache-htmx/tests/Integration/Blog/Infrastructure/SqliteArticleRepositoryTest.php" tests="13" assertions="0" errors="13" failures="0" skipped="0" time="0.000000">
        <testcase name="testSaveNewArticle" file="/home/dan/Desktop/08/apache-htmx/tests/Integration/Blog/Infrastructure/SqliteArticleRepositoryTest.php" line="32" class="Tests\Integration\Blog\Infrastructure\SqliteArticleRepositoryTest" classname="Tests.Integration.Blog.Infrastructure.SqliteArticleRepositoryTest" assertions="0" time="0.000000">
          <error type="InvalidArgumentException">Tests\Integration\Blog\Infrastructure\SqliteArticleRepositoryTest::testSaveNewArticle
InvalidArgumentException: Invalid path resolved by custom resolver: /custom/resolved/path

/home/dan/Desktop/08/apache-htmx/src/Shared/Infrastructure/PathManager.php:236
/home/dan/Desktop/08/apache-htmx/src/Shared/Infrastructure/PathManager.php:138
/home/dan/Desktop/08/apache-htmx/src/Shared/Infrastructure/Config.php:122
/home/dan/Desktop/08/apache-htmx/src/Shared/Infrastructure/Config.php:20
/home/dan/Desktop/08/apache-htmx/src/Shared/Infrastructure/Config.php:26
/home/dan/Desktop/08/apache-htmx/tests/bootstrap.php:35
/home/dan/Desktop/08/apache-htmx/tests/Integration/Blog/Infrastructure/SqliteArticleRepositoryTest.php:20</error>
        </testcase>
        <testcase name="testUpdateExistingArticle" file="/home/dan/Desktop/08/apache-htmx/tests/Integration/Blog/Infrastructure/SqliteArticleRepositoryTest.php" line="52" class="Tests\Integration\Blog\Infrastructure\SqliteArticleRepositoryTest" classname="Tests.Integration.Blog.Infrastructure.SqliteArticleRepositoryTest" assertions="0" time="0.000000">
          <error type="InvalidArgumentException">Tests\Integration\Blog\Infrastructure\SqliteArticleRepositoryTest::testUpdateExistingArticle
InvalidArgumentException: Invalid path resolved by custom resolver: /custom/resolved/path

/home/dan/Desktop/08/apache-htmx/src/Shared/Infrastructure/PathManager.php:236
/home/dan/Desktop/08/apache-htmx/src/Shared/Infrastructure/PathManager.php:138
/home/dan/Desktop/08/apache-htmx/src/Shared/Infrastructure/Config.php:122
/home/dan/Desktop/08/apache-htmx/src/Shared/Infrastructure/Config.php:20
/home/dan/Desktop/08/apache-htmx/src/Shared/Infrastructure/Config.php:26
/home/dan/Desktop/08/apache-htmx/tests/bootstrap.php:35
/home/dan/Desktop/08/apache-htmx/tests/Integration/Blog/Infrastructure/SqliteArticleRepositoryTest.php:20</error>
        </testcase>
        <testcase name="testFindById" file="/home/dan/Desktop/08/apache-htmx/tests/Integration/Blog/Infrastructure/SqliteArticleRepositoryTest.php" line="78" class="Tests\Integration\Blog\Infrastructure\SqliteArticleRepositoryTest" classname="Tests.Integration.Blog.Infrastructure.SqliteArticleRepositoryTest" assertions="0" time="0.000000">
          <error type="InvalidArgumentException">Tests\Integration\Blog\Infrastructure\SqliteArticleRepositoryTest::testFindById
InvalidArgumentException: Invalid path resolved by custom resolver: /custom/resolved/path

/home/dan/Desktop/08/apache-htmx/src/Shared/Infrastructure/PathManager.php:236
/home/dan/Desktop/08/apache-htmx/src/Shared/Infrastructure/PathManager.php:138
/home/dan/Desktop/08/apache-htmx/src/Shared/Infrastructure/Config.php:122
/home/dan/Desktop/08/apache-htmx/src/Shared/Infrastructure/Config.php:20
/home/dan/Desktop/08/apache-htmx/src/Shared/Infrastructure/Config.php:26
/home/dan/Desktop/08/apache-htmx/tests/bootstrap.php:35
/home/dan/Desktop/08/apache-htmx/tests/Integration/Blog/Infrastructure/SqliteArticleRepositoryTest.php:20</error>
        </testcase>
        <testcase name="testFindByIdNotFound" file="/home/dan/Desktop/08/apache-htmx/tests/Integration/Blog/Infrastructure/SqliteArticleRepositoryTest.php" line="90" class="Tests\Integration\Blog\Infrastructure\SqliteArticleRepositoryTest" classname="Tests.Integration.Blog.Infrastructure.SqliteArticleRepositoryTest" assertions="0" time="0.000000">
          <error type="InvalidArgumentException">Tests\Integration\Blog\Infrastructure\SqliteArticleRepositoryTest::testFindByIdNotFound
InvalidArgumentException: Invalid path resolved by custom resolver: /custom/resolved/path

/home/dan/Desktop/08/apache-htmx/src/Shared/Infrastructure/PathManager.php:236
/home/dan/Desktop/08/apache-htmx/src/Shared/Infrastructure/PathManager.php:138
/home/dan/Desktop/08/apache-htmx/src/Shared/Infrastructure/Config.php:122
/home/dan/Desktop/08/apache-htmx/src/Shared/Infrastructure/Config.php:20
/home/dan/Desktop/08/apache-htmx/src/Shared/Infrastructure/Config.php:26
/home/dan/Desktop/08/apache-htmx/tests/bootstrap.php:35
/home/dan/Desktop/08/apache-htmx/tests/Integration/Blog/Infrastructure/SqliteArticleRepositoryTest.php:20</error>
        </testcase>
        <testcase name="testFindBySlug" file="/home/dan/Desktop/08/apache-htmx/tests/Integration/Blog/Infrastructure/SqliteArticleRepositoryTest.php" line="97" class="Tests\Integration\Blog\Infrastructure\SqliteArticleRepositoryTest" classname="Tests.Integration.Blog.Infrastructure.SqliteArticleRepositoryTest" assertions="0" time="0.000000">
          <error type="InvalidArgumentException">Tests\Integration\Blog\Infrastructure\SqliteArticleRepositoryTest::testFindBySlug
InvalidArgumentException: Invalid path resolved by custom resolver: /custom/resolved/path

/home/dan/Desktop/08/apache-htmx/src/Shared/Infrastructure/PathManager.php:236
/home/dan/Desktop/08/apache-htmx/src/Shared/Infrastructure/PathManager.php:138
/home/dan/Desktop/08/apache-htmx/src/Shared/Infrastructure/Config.php:122
/home/dan/Desktop/08/apache-htmx/src/Shared/Infrastructure/Config.php:20
/home/dan/Desktop/08/apache-htmx/src/Shared/Infrastructure/Config.php:26
/home/dan/Desktop/08/apache-htmx/tests/bootstrap.php:35
/home/dan/Desktop/08/apache-htmx/tests/Integration/Blog/Infrastructure/SqliteArticleRepositoryTest.php:20</error>
        </testcase>
        <testcase name="testFindBySlugNotFound" file="/home/dan/Desktop/08/apache-htmx/tests/Integration/Blog/Infrastructure/SqliteArticleRepositoryTest.php" line="108" class="Tests\Integration\Blog\Infrastructure\SqliteArticleRepositoryTest" classname="Tests.Integration.Blog.Infrastructure.SqliteArticleRepositoryTest" assertions="0" time="0.000000">
          <error type="InvalidArgumentException">Tests\Integration\Blog\Infrastructure\SqliteArticleRepositoryTest::testFindBySlugNotFound
InvalidArgumentException: Invalid path resolved by custom resolver: /custom/resolved/path

/home/dan/Desktop/08/apache-htmx/src/Shared/Infrastructure/PathManager.php:236
/home/dan/Desktop/08/apache-htmx/src/Shared/Infrastructure/PathManager.php:138
/home/dan/Desktop/08/apache-htmx/src/Shared/Infrastructure/Config.php:122
/home/dan/Desktop/08/apache-htmx/src/Shared/Infrastructure/Config.php:20
/home/dan/Desktop/08/apache-htmx/src/Shared/Infrastructure/Config.php:26
/home/dan/Desktop/08/apache-htmx/tests/bootstrap.php:35
/home/dan/Desktop/08/apache-htmx/tests/Integration/Blog/Infrastructure/SqliteArticleRepositoryTest.php:20</error>
        </testcase>
        <testcase name="testFindPublished" file="/home/dan/Desktop/08/apache-htmx/tests/Integration/Blog/Infrastructure/SqliteArticleRepositoryTest.php" line="115" class="Tests\Integration\Blog\Infrastructure\SqliteArticleRepositoryTest" classname="Tests.Integration.Blog.Infrastructure.SqliteArticleRepositoryTest" assertions="0" time="0.000000">
          <error type="InvalidArgumentException">Tests\Integration\Blog\Infrastructure\SqliteArticleRepositoryTest::testFindPublished
InvalidArgumentException: Invalid path resolved by custom resolver: /custom/resolved/path

/home/dan/Desktop/08/apache-htmx/src/Shared/Infrastructure/PathManager.php:236
/home/dan/Desktop/08/apache-htmx/src/Shared/Infrastructure/PathManager.php:138
/home/dan/Desktop/08/apache-htmx/src/Shared/Infrastructure/Config.php:122
/home/dan/Desktop/08/apache-htmx/src/Shared/Infrastructure/Config.php:20
/home/dan/Desktop/08/apache-htmx/src/Shared/Infrastructure/Config.php:26
/home/dan/Desktop/08/apache-htmx/tests/bootstrap.php:35
/home/dan/Desktop/08/apache-htmx/tests/Integration/Blog/Infrastructure/SqliteArticleRepositoryTest.php:20</error>
        </testcase>
        <testcase name="testFindByStatus" file="/home/dan/Desktop/08/apache-htmx/tests/Integration/Blog/Infrastructure/SqliteArticleRepositoryTest.php" line="144" class="Tests\Integration\Blog\Infrastructure\SqliteArticleRepositoryTest" classname="Tests.Integration.Blog.Infrastructure.SqliteArticleRepositoryTest" assertions="0" time="0.000000">
          <error type="InvalidArgumentException">Tests\Integration\Blog\Infrastructure\SqliteArticleRepositoryTest::testFindByStatus
InvalidArgumentException: Invalid path resolved by custom resolver: /custom/resolved/path

/home/dan/Desktop/08/apache-htmx/src/Shared/Infrastructure/PathManager.php:236
/home/dan/Desktop/08/apache-htmx/src/Shared/Infrastructure/PathManager.php:138
/home/dan/Desktop/08/apache-htmx/src/Shared/Infrastructure/Config.php:122
/home/dan/Desktop/08/apache-htmx/src/Shared/Infrastructure/Config.php:20
/home/dan/Desktop/08/apache-htmx/src/Shared/Infrastructure/Config.php:26
/home/dan/Desktop/08/apache-htmx/tests/bootstrap.php:35
/home/dan/Desktop/08/apache-htmx/tests/Integration/Blog/Infrastructure/SqliteArticleRepositoryTest.php:20</error>
        </testcase>
        <testcase name="testCountByStatus" file="/home/dan/Desktop/08/apache-htmx/tests/Integration/Blog/Infrastructure/SqliteArticleRepositoryTest.php" line="175" class="Tests\Integration\Blog\Infrastructure\SqliteArticleRepositoryTest" classname="Tests.Integration.Blog.Infrastructure.SqliteArticleRepositoryTest" assertions="0" time="0.000000">
          <error type="InvalidArgumentException">Tests\Integration\Blog\Infrastructure\SqliteArticleRepositoryTest::testCountByStatus
InvalidArgumentException: Invalid path resolved by custom resolver: /custom/resolved/path

/home/dan/Desktop/08/apache-htmx/src/Shared/Infrastructure/PathManager.php:236
/home/dan/Desktop/08/apache-htmx/src/Shared/Infrastructure/PathManager.php:138
/home/dan/Desktop/08/apache-htmx/src/Shared/Infrastructure/Config.php:122
/home/dan/Desktop/08/apache-htmx/src/Shared/Infrastructure/Config.php:20
/home/dan/Desktop/08/apache-htmx/src/Shared/Infrastructure/Config.php:26
/home/dan/Desktop/08/apache-htmx/tests/bootstrap.php:35
/home/dan/Desktop/08/apache-htmx/tests/Integration/Blog/Infrastructure/SqliteArticleRepositoryTest.php:20</error>
        </testcase>
        <testcase name="testDelete" file="/home/dan/Desktop/08/apache-htmx/tests/Integration/Blog/Infrastructure/SqliteArticleRepositoryTest.php" line="202" class="Tests\Integration\Blog\Infrastructure\SqliteArticleRepositoryTest" classname="Tests.Integration.Blog.Infrastructure.SqliteArticleRepositoryTest" assertions="0" time="0.000000">
          <error type="InvalidArgumentException">Tests\Integration\Blog\Infrastructure\SqliteArticleRepositoryTest::testDelete
InvalidArgumentException: Invalid path resolved by custom resolver: /custom/resolved/path

/home/dan/Desktop/08/apache-htmx/src/Shared/Infrastructure/PathManager.php:236
/home/dan/Desktop/08/apache-htmx/src/Shared/Infrastructure/PathManager.php:138
/home/dan/Desktop/08/apache-htmx/src/Shared/Infrastructure/Config.php:122
/home/dan/Desktop/08/apache-htmx/src/Shared/Infrastructure/Config.php:20
/home/dan/Desktop/08/apache-htmx/src/Shared/Infrastructure/Config.php:26
/home/dan/Desktop/08/apache-htmx/tests/bootstrap.php:35
/home/dan/Desktop/08/apache-htmx/tests/Integration/Blog/Infrastructure/SqliteArticleRepositoryTest.php:20</error>
        </testcase>
        <testcase name="testSlugExists" file="/home/dan/Desktop/08/apache-htmx/tests/Integration/Blog/Infrastructure/SqliteArticleRepositoryTest.php" line="213" class="Tests\Integration\Blog\Infrastructure\SqliteArticleRepositoryTest" classname="Tests.Integration.Blog.Infrastructure.SqliteArticleRepositoryTest" assertions="0" time="0.000000">
          <error type="InvalidArgumentException">Tests\Integration\Blog\Infrastructure\SqliteArticleRepositoryTest::testSlugExists
InvalidArgumentException: Invalid path resolved by custom resolver: /custom/resolved/path

/home/dan/Desktop/08/apache-htmx/src/Shared/Infrastructure/PathManager.php:236
/home/dan/Desktop/08/apache-htmx/src/Shared/Infrastructure/PathManager.php:138
/home/dan/Desktop/08/apache-htmx/src/Shared/Infrastructure/Config.php:122
/home/dan/Desktop/08/apache-htmx/src/Shared/Infrastructure/Config.php:20
/home/dan/Desktop/08/apache-htmx/src/Shared/Infrastructure/Config.php:26
/home/dan/Desktop/08/apache-htmx/tests/bootstrap.php:35
/home/dan/Desktop/08/apache-htmx/tests/Integration/Blog/Infrastructure/SqliteArticleRepositoryTest.php:20</error>
        </testcase>
        <testcase name="testSlugExistsWithExclusion" file="/home/dan/Desktop/08/apache-htmx/tests/Integration/Blog/Infrastructure/SqliteArticleRepositoryTest.php" line="224" class="Tests\Integration\Blog\Infrastructure\SqliteArticleRepositoryTest" classname="Tests.Integration.Blog.Infrastructure.SqliteArticleRepositoryTest" assertions="0" time="0.000000">
          <error type="InvalidArgumentException">Tests\Integration\Blog\Infrastructure\SqliteArticleRepositoryTest::testSlugExistsWithExclusion
InvalidArgumentException: Invalid path resolved by custom resolver: /custom/resolved/path

/home/dan/Desktop/08/apache-htmx/src/Shared/Infrastructure/PathManager.php:236
/home/dan/Desktop/08/apache-htmx/src/Shared/Infrastructure/PathManager.php:138
/home/dan/Desktop/08/apache-htmx/src/Shared/Infrastructure/Config.php:122
/home/dan/Desktop/08/apache-htmx/src/Shared/Infrastructure/Config.php:20
/home/dan/Desktop/08/apache-htmx/src/Shared/Infrastructure/Config.php:26
/home/dan/Desktop/08/apache-htmx/tests/bootstrap.php:35
/home/dan/Desktop/08/apache-htmx/tests/Integration/Blog/Infrastructure/SqliteArticleRepositoryTest.php:20</error>
        </testcase>
        <testcase name="testSearch" file="/home/dan/Desktop/08/apache-htmx/tests/Integration/Blog/Infrastructure/SqliteArticleRepositoryTest.php" line="237" class="Tests\Integration\Blog\Infrastructure\SqliteArticleRepositoryTest" classname="Tests.Integration.Blog.Infrastructure.SqliteArticleRepositoryTest" assertions="0" time="0.000000">
          <error type="InvalidArgumentException">Tests\Integration\Blog\Infrastructure\SqliteArticleRepositoryTest::testSearch
InvalidArgumentException: Invalid path resolved by custom resolver: /custom/resolved/path

/home/dan/Desktop/08/apache-htmx/src/Shared/Infrastructure/PathManager.php:236
/home/dan/Desktop/08/apache-htmx/src/Shared/Infrastructure/PathManager.php:138
/home/dan/Desktop/08/apache-htmx/src/Shared/Infrastructure/Config.php:122
/home/dan/Desktop/08/apache-htmx/src/Shared/Infrastructure/Config.php:20
/home/dan/Desktop/08/apache-htmx/src/Shared/Infrastructure/Config.php:26
/home/dan/Desktop/08/apache-htmx/tests/bootstrap.php:35
/home/dan/Desktop/08/apache-htmx/tests/Integration/Blog/Infrastructure/SqliteArticleRepositoryTest.php:20</error>
        </testcase>
      </testsuite>
    </testsuite>
  </testsuite>
</testsuites>
